<?xml version="1.0" encoding="UTF-8"?>
<coverage generated="1701925664866" clover="3.2.0">
  <project timestamp="1701925664866" name="All files">
    <metrics statements="17" coveredstatements="15" conditionals="8" coveredconditionals="7" methods="2" coveredmethods="2" elements="27" coveredelements="24" complexity="0" loc="17" ncloc="17" packages="1" files="2" classes="2"/>
    <file name="Ques5.js" path="E:\Web dev restart\Jest\Jest\Testing\Ques5.js">
      <metrics statements="15" coveredstatements="13" conditionals="8" coveredconditionals="7" methods="1" coveredmethods="1"/>
      <line num="2" count="5" type="stmt"/>
      <line num="3" count="5" type="stmt"/>
      <line num="4" count="5" type="stmt"/>
      <line num="5" count="5" type="stmt"/>
      <line num="6" count="5" type="stmt"/>
      <line num="7" count="5" type="stmt"/>
      <line num="8" count="5" type="stmt"/>
      <line num="9" count="5" type="stmt"/>
      <line num="10" count="5" type="stmt"/>
      <line num="11" count="5" type="stmt"/>
      <line num="12" count="5" type="cond" truecount="7" falsecount="1"/>
      <line num="13" count="5" type="stmt"/>
      <line num="15" count="0" type="stmt"/>
      <line num="16" count="0" type="stmt"/>
      <line num="20" count="1" type="stmt"/>
    </file>
    <file name="Sum.js" path="E:\Web dev restart\Jest\Jest\Testing\Sum.js">
      <metrics statements="2" coveredstatements="2" conditionals="0" coveredconditionals="0" methods="1" coveredmethods="1"/>
      <line num="2" count="1" type="stmt"/>
      <line num="4" count="1" type="stmt"/>
    </file>
  </project>
</coverage>
