{"E:\\Web dev restart\\Jest\\Jest\\Testing\\Ques5.js": {"path":"E:\\Web dev restart\\Jest\\Jest\\Testing\\Ques5.js","statementMap":{"0":{"start":{"line":2,"column":0},"end":{"line":2,"column":9}},"1":{"start":{"line":3,"column":9},"end":{"line":3,"column":12}},"2":{"start":{"line":4,"column":0},"end":{"line":18,"column":1}},"3":{"start":{"line":5,"column":12},"end":{"line":5,"column":18}},"4":{"start":{"line":6,"column":4},"end":{"line":6,"column":26}},"5":{"start":{"line":7,"column":12},"end":{"line":7,"column":18}},"6":{"start":{"line":8,"column":4},"end":{"line":8,"column":26}},"7":{"start":{"line":9,"column":12},"end":{"line":9,"column":18}},"8":{"start":{"line":10,"column":4},"end":{"line":10,"column":26}},"9":{"start":{"line":11,"column":12},"end":{"line":11,"column":18}},"10":{"start":{"line":12,"column":4},"end":{"line":17,"column":1}},"11":{"start":{"line":13,"column":8},"end":{"line":13,"column":20}},"12":{"start":{"line":15,"column":8},"end":{"line":15,"column":15}},"13":{"start":{"line":16,"column":8},"end":{"line":16,"column":17}},"14":{"start":{"line":20,"column":0},"end":{"line":20,"column":27}}},"fnMap":{"0":{"name":"magicYear","decl":{"start":{"line":1,"column":9},"end":{"line":1,"column":18}},"loc":{"start":{"line":1,"column":23},"end":{"line":18,"column":2}},"line":1}},"branchMap":{"0":{"loc":{"start":{"line":12,"column":4},"end":{"line":17,"column":1}},"type":"if","locations":[{"start":{"line":12,"column":4},"end":{"line":17,"column":1}},{"start":{"line":14,"column":9},"end":{"line":17,"column":1}}],"line":12},"1":{"loc":{"start":{"line":12,"column":7},"end":{"line":12,"column":69}},"type":"binary-expr","locations":[{"start":{"line":12,"column":8},"end":{"line":12,"column":14}},{"start":{"line":12,"column":18},"end":{"line":12,"column":24}},{"start":{"line":12,"column":30},"end":{"line":12,"column":36}},{"start":{"line":12,"column":40},"end":{"line":12,"column":46}},{"start":{"line":12,"column":52},"end":{"line":12,"column":58}},{"start":{"line":12,"column":62},"end":{"line":12,"column":68}}],"line":12}},"s":{"0":5,"1":5,"2":5,"3":5,"4":5,"5":5,"6":5,"7":5,"8":5,"9":5,"10":5,"11":5,"12":0,"13":0,"14":1},"f":{"0":5},"b":{"0":[5,0],"1":[5,5,5,5,5,5]},"_coverageSchema":"1a1c01bbd47fc00a2c39e90264f33305004495a9","hash":"74722dadbf3b1269f87e36c9ac210dc9760dd34f"}
,"E:\\Web dev restart\\Jest\\Jest\\Testing\\Sum.js": {"path":"E:\\Web dev restart\\Jest\\Jest\\Testing\\Sum.js","statementMap":{"0":{"start":{"line":2,"column":4},"end":{"line":2,"column":15}},"1":{"start":{"line":4,"column":0},"end":{"line":4,"column":19}}},"fnMap":{"0":{"name":"sum","decl":{"start":{"line":1,"column":9},"end":{"line":1,"column":12}},"loc":{"start":{"line":1,"column":18},"end":{"line":3,"column":1}},"line":1}},"branchMap":{},"s":{"0":1,"1":1},"f":{"0":1},"b":{},"_coverageSchema":"1a1c01bbd47fc00a2c39e90264f33305004495a9","hash":"0328872e386c01b10655fe590d3154f4dd3f9af0"}
}
